<?xml version="1.0" encoding="UTF-8"?>
<testsuite xmlns:xsi="http://www.w3.org/2001/XMLSchema-instance" xsi:noNamespaceSchemaLocation="https://maven.apache.org/surefire/maven-surefire-plugin/xsd/surefire-test-report-3.0.xsd" version="3.0" name="TestSuite" time="2.673" tests="1" errors="0" skipped="0" failures="1">
  <properties>
[...]
</properties>
  <testcase name="titleCheck" classname="CrossBrowserTestingCloud.CrossBrowserTesting" time="1.556">
    <failure message="Could not start a new session. Unable to parse remote response: Authorization required &#10;Host info: host: &apos;DESKTOP-6891DEK&apos;, ip: &apos;192.168.1.123&apos;" type="org.openqa.selenium.SessionNotCreatedException"><![CDATA[org.openqa.selenium.SessionNotCreatedException: 
Could not start a new session. Unable to parse remote response: Authorization required 
Host info: host: 'DESKTOP-6891DEK', ip: '192.168.1.123'
	at CrossBrowserTestingCloud.CrossBrowserTesting.titleCheck(CrossBrowserTesting.java:17)
Caused by: org.openqa.selenium.json.JsonException: Unable to parse: Authorization required
	at CrossBrowserTestingCloud.CrossBrowserTesting.titleCheck(CrossBrowserTesting.java:17)
Caused by: org.openqa.selenium.json.JsonException: 
Unable to determine type from: A. Last 1 characters read: A
Build info: version: '4.7.2', revision: '4d4020c3b7'
System info: os.name: 'Windows 10', os.arch: 'amd64', os.version: '10.0', java.version: '11.0.17'
Driver info: driver.version: RemoteWebDriver
	at CrossBrowserTestingCloud.CrossBrowserTesting.titleCheck(CrossBrowserTesting.java:17)
]]></failure>
    <system-out><![CDATA[[TestNGContentHandler] [WARN] It is strongly recommended to add "<!DOCTYPE suite SYSTEM "http://testng.org/testng-1.0.dtd" >" at the top of your file, otherwise TestNG may fail or not work as expected.
]]></system-out>
    <system-err><![CDATA[Jan 10, 2023 3:38:44 PM org.openqa.selenium.remote.tracing.opentelemetry.OpenTelemetryTracer createTracer
INFO: Using OpenTelemetry for tracing
]]></system-err>
  </testcase>
</testsuite>